<?xml version="1.0" encoding="UTF-8"?>
<testng-results ignored="0" total="1" passed="1" failed="0" skipped="0">
  <reporter-output>
  </reporter-output>
  <suite started-at="2022-08-11T13:37:17 IST" name="Default suite" finished-at="2022-08-11T13:37:30 IST" duration-ms="13438">
    <groups>
      <group name="regressionTest">
        <method signature="CreateCampaignTest.createCampaign()[pri:0, instance:com.crm.sdet.Campaign.CreateCampaignTest@434a63ab]" name="createCampaign" class="com.crm.sdet.Campaign.CreateCampaignTest"/>
      </group> <!-- regressionTest -->
    </groups>
    <test started-at="2022-08-11T13:37:17 IST" name="Default test" finished-at="2022-08-11T13:37:30 IST" duration-ms="13438">
      <class name="com.crm.sdet.Campaign.CreateCampaignTest">
        <test-method is-config="true" signature="BS()[pri:0, instance:com.crm.sdet.Campaign.CreateCampaignTest@434a63ab]" started-at="2022-08-11T13:37:17 IST" name="BS" finished-at="2022-08-11T13:37:17 IST" duration-ms="9" status="PASS">
          <reporter-output>
          </reporter-output>
        </test-method> <!-- BS -->
        <test-method is-config="true" signature="BT()[pri:0, instance:com.crm.sdet.Campaign.CreateCampaignTest@434a63ab]" started-at="2022-08-11T13:37:17 IST" name="BT" finished-at="2022-08-11T13:37:17 IST" duration-ms="0" status="PASS">
          <reporter-output>
          </reporter-output>
        </test-method> <!-- BT -->
        <test-method is-config="true" signature="BC()[pri:0, instance:com.crm.sdet.Campaign.CreateCampaignTest@434a63ab]" started-at="2022-08-11T13:37:17 IST" name="BC" finished-at="2022-08-11T13:37:19 IST" duration-ms="2288" status="PASS">
          <reporter-output>
          </reporter-output>
        </test-method> <!-- BC -->
        <test-method is-config="true" signature="BM()[pri:0, instance:com.crm.sdet.Campaign.CreateCampaignTest@434a63ab]" started-at="2022-08-11T13:37:19 IST" name="BM" finished-at="2022-08-11T13:37:22 IST" duration-ms="2819" status="PASS">
          <reporter-output>
          </reporter-output>
        </test-method> <!-- BM -->
        <test-method signature="createCampaign()[pri:0, instance:com.crm.sdet.Campaign.CreateCampaignTest@434a63ab]" started-at="2022-08-11T13:37:22 IST" name="createCampaign" finished-at="2022-08-11T13:37:30 IST" duration-ms="8292" status="PASS">
          <reporter-output>
          </reporter-output>
        </test-method> <!-- createCampaign -->
        <test-method is-config="true" signature="AM()[pri:0, instance:com.crm.sdet.Campaign.CreateCampaignTest@434a63ab]" started-at="2022-08-11T13:37:30 IST" name="AM" finished-at="2022-08-11T13:37:30 IST" duration-ms="0" status="PASS">
          <reporter-output>
          </reporter-output>
        </test-method> <!-- AM -->
        <test-method is-config="true" signature="AC()[pri:0, instance:com.crm.sdet.Campaign.CreateCampaignTest@434a63ab]" started-at="2022-08-11T13:37:30 IST" name="AC" finished-at="2022-08-11T13:37:30 IST" duration-ms="0" status="PASS">
          <reporter-output>
          </reporter-output>
        </test-method> <!-- AC -->
        <test-method is-config="true" signature="AT()[pri:0, instance:com.crm.sdet.Campaign.CreateCampaignTest@434a63ab]" started-at="2022-08-11T13:37:30 IST" name="AT" finished-at="2022-08-11T13:37:30 IST" duration-ms="0" status="PASS">
          <reporter-output>
          </reporter-output>
        </test-method> <!-- AT -->
        <test-method is-config="true" signature="AS()[pri:0, instance:com.crm.sdet.Campaign.CreateCampaignTest@434a63ab]" started-at="2022-08-11T13:37:30 IST" name="AS" finished-at="2022-08-11T13:37:30 IST" duration-ms="0" status="PASS">
          <reporter-output>
          </reporter-output>
        </test-method> <!-- AS -->
      </class> <!-- com.crm.sdet.Campaign.CreateCampaignTest -->
    </test> <!-- Default test -->
  </suite> <!-- Default suite -->
</testng-results>
