<?xml version="1.0" encoding="UTF-8"?>
<testng-results ignored="0" total="5" passed="5" failed="0" skipped="0">
  <reporter-output>
  </reporter-output>
  <suite started-at="2023-02-26T23:20:42 IST" name="Default suite" finished-at="2023-02-26T23:20:42 IST" duration-ms="56">
    <groups>
    </groups>
    <test started-at="2023-02-26T23:20:42 IST" name="Default test" finished-at="2023-02-26T23:20:42 IST" duration-ms="56">
      <class name="practice.DataProviderTest">
        <test-method signature="bookTicket(java.lang.String,java.lang.String)[pri:0, instance:practice.DataProviderTest@581ac8a8]" started-at="2023-02-26T23:20:42 IST" name="bookTicket" data-provider="dataProvider_test" finished-at="2023-02-26T23:20:42 IST" duration-ms="6" status="PASS">
          <params>
            <param index="0">
              <value>
                <![CDATA[Bangalore]]>
              </value>
            </param>
            <param index="1">
              <value>
                <![CDATA[goa]]>
              </value>
            </param>
          </params>
          <reporter-output>
          </reporter-output>
        </test-method> <!-- bookTicket -->
        <test-method signature="bookTicket(java.lang.String,java.lang.String)[pri:0, instance:practice.DataProviderTest@581ac8a8]" started-at="2023-02-26T23:20:42 IST" name="bookTicket" data-provider="dataProvider_test" finished-at="2023-02-26T23:20:42 IST" duration-ms="1" status="PASS">
          <params>
            <param index="0">
              <value>
                <![CDATA[Bangalore]]>
              </value>
            </param>
            <param index="1">
              <value>
                <![CDATA[mysore]]>
              </value>
            </param>
          </params>
          <reporter-output>
          </reporter-output>
        </test-method> <!-- bookTicket -->
        <test-method signature="bookTicket(java.lang.String,java.lang.String)[pri:0, instance:practice.DataProviderTest@581ac8a8]" started-at="2023-02-26T23:20:42 IST" name="bookTicket" data-provider="dataProvider_test" finished-at="2023-02-26T23:20:42 IST" duration-ms="1" status="PASS">
          <params>
            <param index="0">
              <value>
                <![CDATA[Bangalore]]>
              </value>
            </param>
            <param index="1">
              <value>
                <![CDATA[manglore]]>
              </value>
            </param>
          </params>
          <reporter-output>
          </reporter-output>
        </test-method> <!-- bookTicket -->
        <test-method signature="bookTicket(java.lang.String,java.lang.String)[pri:0, instance:practice.DataProviderTest@581ac8a8]" started-at="2023-02-26T23:20:42 IST" name="bookTicket" data-provider="dataProvider_test" finished-at="2023-02-26T23:20:42 IST" duration-ms="0" status="PASS">
          <params>
            <param index="0">
              <value>
                <![CDATA[Bangalore]]>
              </value>
            </param>
            <param index="1">
              <value>
                <![CDATA[mumbai]]>
              </value>
            </param>
          </params>
          <reporter-output>
          </reporter-output>
        </test-method> <!-- bookTicket -->
        <test-method signature="bookTicket(java.lang.String,java.lang.String)[pri:0, instance:practice.DataProviderTest@581ac8a8]" started-at="2023-02-26T23:20:42 IST" name="bookTicket" data-provider="dataProvider_test" finished-at="2023-02-26T23:20:42 IST" duration-ms="1" status="PASS">
          <params>
            <param index="0">
              <value>
                <![CDATA[Bangalore]]>
              </value>
            </param>
            <param index="1">
              <value>
                <![CDATA[kerala]]>
              </value>
            </param>
          </params>
          <reporter-output>
          </reporter-output>
        </test-method> <!-- bookTicket -->
      </class> <!-- practice.DataProviderTest -->
    </test> <!-- Default test -->
  </suite> <!-- Default suite -->
</testng-results>
