<?xml version="1.0" encoding="UTF-8"?>
<!-- Generated by org.testng.reporters.JUnitXMLReporter -->
<testsuite ignored="0" hostname="DESKTOP-TQITTE4" failures="0" tests="5" name="Default test" time="0.056" errors="0" timestamp="2023-02-26T23:20:42 IST">
  <testcase classname="practice.DataProviderTest" name="bookTicket" time="0.006"/>
  <testcase classname="practice.DataProviderTest" name="bookTicket" time="0.001"/>
  <testcase classname="practice.DataProviderTest" name="bookTicket" time="0.001"/>
  <testcase classname="practice.DataProviderTest" name="bookTicket" time="0.0"/>
  <testcase classname="practice.DataProviderTest" name="bookTicket" time="0.001"/>
</testsuite> <!-- Default test -->
